2006.03.09 04:47 B F:\WebPages\BesidesWD\htdocs\v1\aempresa.html <-- ftp.besideswd.com.br /besideswd/htdocs/v1 aempresa.html
2006.03.09 04:47 B F:\WebPages\BesidesWD\htdocs\v1\AEMPRESA.TXT <-- ftp.besideswd.com.br /besideswd/htdocs/v1 AEMPRESA.TXT
2006.03.09 04:47 B F:\WebPages\BesidesWD\htdocs\v1\ALIEN.JPG <-- ftp.besideswd.com.br /besideswd/htdocs/v1 ALIEN.JPG
2006.03.09 04:47 B F:\WebPages\BesidesWD\htdocs\v1\BARRA01.JPG <-- ftp.besideswd.com.br /besideswd/htdocs/v1 BARRA01.JPG
2006.03.09 04:47 B F:\WebPages\BesidesWD\htdocs\v1\BARRA02.JPG <-- ftp.besideswd.com.br /besideswd/htdocs/v1 BARRA02.JPG
2006.03.09 04:48 B F:\WebPages\BesidesWD\htdocs\v1\besideswd.swf <-- ftp.besideswd.com.br /besideswd/htdocs/v1 besideswd.swf
2006.03.09 04:48 B F:\WebPages\BesidesWD\htdocs\v1\bsds.cur <-- ftp.besideswd.com.br /besideswd/htdocs/v1 bsds.cur
2006.03.09 04:48 B F:\WebPages\BesidesWD\htdocs\v1\CONTATO.ASP <-- ftp.besideswd.com.br /besideswd/htdocs/v1 CONTATO.ASP
2006.03.09 04:48 B F:\WebPages\BesidesWD\htdocs\v1\dots.asp <-- ftp.besideswd.com.br /besideswd/htdocs/v1 dots.asp
2006.03.09 04:48 B F:\WebPages\BesidesWD\htdocs\v1\EMAIL.HTM <-- ftp.besideswd.com.br /besideswd/htdocs/v1 EMAIL.HTM
2006.03.09 04:48 B F:\WebPages\BesidesWD\htdocs\v1\enviar-email.asp <-- ftp.besideswd.com.br /besideswd/htdocs/v1 enviar-email.asp
2006.03.09 04:48 B F:\WebPages\BesidesWD\htdocs\v1\envio-de-emails.ASP <-- ftp.besideswd.com.br /besideswd/htdocs/v1 envio-de-emails.ASP
2006.03.09 04:48 B F:\WebPages\BesidesWD\htdocs\v1\ESTILO.CSS <-- ftp.besideswd.com.br /besideswd/htdocs/v1 ESTILO.CSS
2006.03.09 04:48 B F:\WebPages\BesidesWD\htdocs\v1\FIGURA01.JPG <-- ftp.besideswd.com.br /besideswd/htdocs/v1 FIGURA01.JPG
2006.03.09 04:48 B F:\WebPages\BesidesWD\htdocs\v1\INDEX.ASP <-- ftp.besideswd.com.br /besideswd/htdocs/v1 INDEX.ASP
2006.03.09 04:48 B F:\WebPages\BesidesWD\htdocs\v1\kingpin.asp <-- ftp.besideswd.com.br /besideswd/htdocs/v1 kingpin.asp
2006.03.09 04:48 B F:\WebPages\BesidesWD\htdocs\v1\portifolio.html <-- ftp.besideswd.com.br /besideswd/htdocs/v1 portifolio.html
2006.03.09 04:48 B F:\WebPages\BesidesWD\htdocs\v1\portifolio.txt <-- ftp.besideswd.com.br /besideswd/htdocs/v1 portifolio.txt
2006.03.09 04:48 B F:\WebPages\BesidesWD\htdocs\v1\projetos.html <-- ftp.besideswd.com.br /besideswd/htdocs/v1 projetos.html
2006.03.09 04:48 B F:\WebPages\BesidesWD\htdocs\v1\PROJETOS.TXT <-- ftp.besideswd.com.br /besideswd/htdocs/v1 PROJETOS.TXT
2006.03.09 04:48 B F:\WebPages\BesidesWD\htdocs\v1\send_flash_form.php <-- ftp.besideswd.com.br /besideswd/htdocs/v1 send_flash_form.php
